2026-06-10 07:52:40 - 25546 - [INFO]  
2026-06-10 07:52:40 - 18641 - [CRITICAL]  
2026-06-10 07:52:40 - 24515 - [WARNING]  
2026-06-10 07:52:40 - 9599 - [WARNING]  
2026-06-10 07:52:40 - 26866 - [DEBUG]  
2026-06-10 07:52:40 - 24922 - [INFO]  
2026-06-10 07:52:40 - 3661 - [DEBUG]  
2026-06-10 07:52:40 - 72 - [INFO]  
2026-06-10 07:52:40 - 20274 - [ERROR] Disk full 
2026-06-10 07:52:40 - 6729 - [INFO]  
2026-06-10 07:52:40 - 23293 - [ERROR] Disk full 
2026-06-10 07:52:40 - 12962 - [ERROR] Disk full 
2026-06-10 07:52:40 - 27837 - [DEBUG]  
2026-06-10 07:52:40 - 14646 - [ERROR] Segmentation fault 
2026-06-10 07:52:40 - 9471 - [INFO]  
2026-06-10 07:52:40 - 18315 - [INFO]  
2026-06-10 07:52:40 - 23318 - [INFO]  
2026-06-10 07:52:40 - 10895 - [DEBUG]  
2026-06-10 07:52:40 - 12371 - [WARNING]  
2026-06-10 07:52:40 - 18029 - [CRITICAL]  
2026-06-10 07:52:40 - 1501 - [WARNING]  
2026-06-10 07:52:40 - 7641 - [DEBUG]  
2026-06-10 07:52:40 - 29333 - [ERROR] Out of memory 
2026-06-10 07:52:40 - 27450 - [ERROR] Invalid input 
2026-06-10 07:52:40 - 7037 - [CRITICAL]  
2026-06-10 07:52:40 - 10271 - [CRITICAL]  
2026-06-10 07:52:40 - 27417 - [INFO]  
2026-06-10 07:52:40 - 20943 - [WARNING]  
2026-06-10 07:52:40 - 12854 - [DEBUG]  
2026-06-10 07:52:40 - 30012 - [WARNING]  
2026-06-10 07:52:40 - 152 - [WARNING]  
2026-06-10 07:52:40 - 19726 - [ERROR] Segmentation fault 
2026-06-10 07:52:40 - 9729 - [INFO]  
2026-06-10 07:52:40 - 26163 - [ERROR] Segmentation fault 
2026-06-10 07:52:40 - 21867 - [WARNING]  
2026-06-10 07:52:40 - 9202 - [ERROR] Segmentation fault 
2026-06-10 07:52:40 - 16952 - [CRITICAL]  
2026-06-10 07:52:40 - 10857 - [INFO]  
2026-06-10 07:52:40 - 2663 - [WARNING]  
2026-06-10 07:52:40 - 7129 - [DEBUG]  
2026-06-10 07:52:40 - 20986 - [ERROR] Segmentation fault 
2026-06-10 07:52:40 - 21912 - [DEBUG]  
2026-06-10 07:52:40 - 11209 - [ERROR] Disk full 
2026-06-10 07:52:40 - 1060 - [CRITICAL]  
2026-06-10 07:52:40 - 11503 - [INFO]  
2026-06-10 07:52:40 - 10494 - [ERROR] Failed to connect 
2026-06-10 07:52:40 - 17057 - [DEBUG]  
2026-06-10 07:52:40 - 13959 - [WARNING]  
2026-06-10 07:52:40 - 27061 - [ERROR] Out of memory 
2026-06-10 07:52:40 - 28868 - [WARNING]  
2026-06-10 07:52:40 - 11138 - [ERROR] Segmentation fault 
2026-06-10 07:52:40 - 10807 - [CRITICAL]  
2026-06-10 07:52:40 - 22205 - [ERROR] Out of memory 
2026-06-10 07:52:40 - 32098 - [ERROR] Out of memory 
2026-06-10 07:52:40 - 759 - [DEBUG]  
2026-06-10 07:52:40 - 2757 - [CRITICAL]  
2026-06-10 07:52:40 - 3423 - [CRITICAL]  
2026-06-10 07:52:40 - 3264 - [WARNING]  
2026-06-10 07:52:40 - 9694 - [DEBUG]  
2026-06-10 07:52:40 - 7313 - [ERROR] Invalid input 
2026-06-10 07:52:40 - 524 - [ERROR] Invalid input 
2026-06-10 07:52:40 - 22701 - [DEBUG]  
2026-06-10 07:52:40 - 4226 - [WARNING]  
2026-06-10 07:52:40 - 32435 - [CRITICAL]  
2026-06-10 07:52:40 - 1167 - [WARNING]  
2026-06-10 07:52:40 - 9740 - [WARNING]  
2026-06-10 07:52:40 - 4874 - [WARNING]  
2026-06-10 07:52:40 - 23817 - [WARNING]  
2026-06-10 07:52:40 - 24201 - [WARNING]  
2026-06-10 07:52:40 - 25678 - [INFO]  
2026-06-10 07:52:40 - 5903 - [INFO]  
2026-06-10 07:52:40 - 23550 - [ERROR] Segmentation fault 
2026-06-10 07:52:40 - 20720 - [CRITICAL]  
2026-06-10 07:52:40 - 12269 - [WARNING]  
2026-06-10 07:52:40 - 11211 - [DEBUG]  
2026-06-10 07:52:40 - 12680 - [DEBUG]  
2026-06-10 07:52:40 - 1949 - [DEBUG]  
2026-06-10 07:52:40 - 18941 - [INFO]  
2026-06-10 07:52:40 - 2765 - [WARNING]  
2026-06-10 07:52:40 - 30536 - [INFO]  
2026-06-10 07:52:40 - 15477 - [DEBUG]  
2026-06-10 07:52:40 - 11889 - [CRITICAL]  
2026-06-10 07:52:40 - 24769 - [INFO]  
2026-06-10 07:52:40 - 8743 - [CRITICAL]  
2026-06-10 07:52:40 - 9266 - [WARNING]  
2026-06-10 07:52:40 - 23342 - [WARNING]  
2026-06-10 07:52:40 - 17511 - [ERROR] Disk full 
2026-06-10 07:52:40 - 10726 - [CRITICAL]  
2026-06-10 07:52:40 - 3701 - [ERROR] Disk full 
2026-06-10 07:52:40 - 26858 - [ERROR] Disk full 
2026-06-10 07:52:40 - 868 - [CRITICAL]  
2026-06-10 07:52:40 - 12501 - [DEBUG]  
2026-06-10 07:52:40 - 5684 - [ERROR] Segmentation fault 
2026-06-10 07:52:40 - 1867 - [WARNING]  
2026-06-10 07:52:40 - 4785 - [INFO]  
2026-06-10 07:52:40 - 27440 - [ERROR] Failed to connect 
2026-06-10 07:52:40 - 22551 - [CRITICAL]  
2026-06-10 07:52:40 - 19923 - [ERROR] Segmentation fault 
2026-06-10 07:52:40 - 23726 - [WARNING]  
2026-06-10 07:52:40 - 28874 - [INFO]  
2026-06-10 07:52:40 - 10475 - [ERROR] Disk full 
2026-06-10 07:52:40 - 3698 - [CRITICAL]  
2026-06-10 07:52:40 - 29484 - [WARNING]  
2026-06-10 07:52:40 - 28380 - [DEBUG]  
2026-06-10 07:52:40 - 5321 - [ERROR] Invalid input 
2026-06-10 07:52:40 - 27646 - [CRITICAL]  
2026-06-10 07:52:40 - 177 - [INFO]  
2026-06-10 07:52:40 - 5627 - [ERROR] Out of memory 
2026-06-10 07:52:40 - 15728 - [INFO]  
2026-06-10 07:52:40 - 23556 - [CRITICAL]  
2026-06-10 07:52:40 - 28881 - [DEBUG]  
2026-06-10 07:52:40 - 25054 - [INFO]  
2026-06-10 07:52:40 - 23009 - [ERROR] Segmentation fault 
2026-06-10 07:52:40 - 23838 - [WARNING]  
2026-06-10 07:52:40 - 694 - [DEBUG]  
2026-06-10 07:52:40 - 4411 - [DEBUG]  
2026-06-10 07:52:40 - 8026 - [WARNING]  
2026-06-10 07:52:40 - 5087 - [CRITICAL]  
2026-06-10 07:52:40 - 4482 - [ERROR] Invalid input 
2026-06-10 07:52:40 - 524 - [DEBUG]  
2026-06-10 07:52:40 - 1420 - [DEBUG]  
2026-06-10 07:52:40 - 10470 - [WARNING]  
2026-06-10 07:52:40 - 12788 - [WARNING]  
2026-06-10 07:52:40 - 29911 - [WARNING]  
2026-06-10 07:52:40 - 29563 - [CRITICAL]  
2026-06-10 07:52:40 - 18361 - [ERROR] Disk full 
2026-06-10 07:52:40 - 15417 - [ERROR] Disk full 
2026-06-10 07:52:40 - 25684 - [ERROR] Segmentation fault 
2026-06-10 07:52:40 - 20790 - [WARNING]  
2026-06-10 07:52:40 - 13717 - [DEBUG]  
2026-06-10 07:52:40 - 28151 - [DEBUG]  
2026-06-10 07:52:40 - 7759 - [ERROR] Invalid input 
2026-06-10 07:52:40 - 31795 - [INFO]  
2026-06-10 07:52:40 - 24093 - [ERROR] Segmentation fault 
2026-06-10 07:52:40 - 12081 - [ERROR] Failed to connect 
2026-06-10 07:52:40 - 24422 - [DEBUG]  
2026-06-10 07:52:40 - 7704 - [ERROR] Invalid input 
2026-06-10 07:52:40 - 22653 - [WARNING]  
2026-06-10 07:52:40 - 6500 - [ERROR] Out of memory 
2026-06-10 07:52:40 - 1045 - [CRITICAL]  
2026-06-10 07:52:40 - 2062 - [INFO]  
2026-06-10 07:52:40 - 1256 - [CRITICAL]  
2026-06-10 07:52:40 - 18398 - [WARNING]  
2026-06-10 07:52:40 - 6125 - [INFO]  
2026-06-10 07:52:40 - 31504 - [INFO]  
2026-06-10 07:52:40 - 7329 - [ERROR] Segmentation fault 
2026-06-10 07:52:40 - 22943 - [WARNING]  
2026-06-10 07:52:40 - 5780 - [ERROR] Segmentation fault 
2026-06-10 07:52:40 - 9051 - [CRITICAL]  
2026-06-10 07:52:40 - 17791 - [INFO]  
2026-06-10 07:52:40 - 32300 - [CRITICAL]  
2026-06-10 07:52:40 - 14456 - [ERROR] Failed to connect 
2026-06-10 07:52:40 - 19405 - [DEBUG]  
2026-06-10 07:52:40 - 6218 - [CRITICAL]  
2026-06-10 07:52:40 - 9397 - [WARNING]  
2026-06-10 07:52:40 - 29738 - [INFO]  
2026-06-10 07:52:40 - 17362 - [INFO]  
2026-06-10 07:52:40 - 27124 - [WARNING]  
2026-06-10 07:52:40 - 22799 - [INFO]  
2026-06-10 07:52:40 - 19363 - [CRITICAL]  
2026-06-10 07:52:40 - 22861 - [DEBUG]  
2026-06-10 07:52:40 - 19921 - [INFO]  
2026-06-10 07:52:40 - 18588 - [DEBUG]  
2026-06-10 07:52:40 - 9990 - [WARNING]  
2026-06-10 07:52:40 - 4036 - [CRITICAL]  
2026-06-10 07:52:40 - 21570 - [CRITICAL]  
2026-06-10 07:52:40 - 20587 - [WARNING]  
2026-06-10 07:52:40 - 25473 - [ERROR] Out of memory 
2026-06-10 07:52:40 - 25039 - [CRITICAL]  
2026-06-10 07:52:40 - 19926 - [INFO]  
2026-06-10 07:52:40 - 18772 - [DEBUG]  
2026-06-10 07:52:40 - 8584 - [ERROR] Invalid input 
2026-06-10 07:52:40 - 11795 - [ERROR] Invalid input 
2026-06-10 07:52:40 - 6271 - [CRITICAL]  
2026-06-10 07:52:40 - 4940 - [CRITICAL]  
2026-06-10 07:52:40 - 16073 - [INFO]  
2026-06-10 07:52:40 - 22050 - [DEBUG]  
2026-06-10 07:52:40 - 63 - [WARNING]  
2026-06-10 07:52:40 - 28518 - [WARNING]  
2026-06-10 07:52:40 - 20296 - [CRITICAL]  
2026-06-10 07:52:40 - 21656 - [WARNING]  
2026-06-10 07:52:40 - 8922 - [DEBUG]  
2026-06-10 07:52:40 - 14641 - [CRITICAL]  
2026-06-10 07:52:41 - 27765 - [ERROR] Disk full 
2026-06-10 07:52:41 - 13775 - [INFO]  
2026-06-10 07:52:41 - 31355 - [ERROR] Out of memory 
2026-06-10 07:52:41 - 25835 - [WARNING]  
2026-06-10 07:52:41 - 12204 - [WARNING]  
2026-06-10 07:52:41 - 31491 - [WARNING]  
2026-06-10 07:52:41 - 7435 - [INFO]  
2026-06-10 07:52:41 - 28073 - [DEBUG]  
2026-06-10 07:52:41 - 17951 - [ERROR] Segmentation fault 
2026-06-10 07:52:41 - 28091 - [CRITICAL]  
2026-06-10 07:52:41 - 21283 - [CRITICAL]  
2026-06-10 07:52:41 - 19439 - [WARNING]  
2026-06-10 07:52:41 - 10677 - [DEBUG]  
2026-06-10 07:52:41 - 26327 - [ERROR] Segmentation fault 
2026-06-10 07:52:41 - 5945 - [WARNING]  
2026-06-10 07:52:41 - 6387 - [DEBUG]  
2026-06-10 07:52:41 - 27375 - [INFO]  
2026-06-10 07:52:41 - 25816 - [CRITICAL]  
2026-06-10 07:52:41 - 26030 - [DEBUG]  
2026-06-10 07:52:41 - 28987 - [WARNING]  
2026-06-10 07:52:41 - 8368 - [ERROR] Invalid input 
2026-06-10 07:52:41 - 23240 - [INFO]  
2026-06-10 07:52:41 - 3135 - [INFO]  
2026-06-10 07:52:41 - 6204 - [DEBUG]  
2026-06-10 07:52:41 - 7368 - [ERROR] Failed to connect 
2026-06-10 07:52:41 - 9770 - [ERROR] Disk full 
2026-06-10 07:52:41 - 23739 - [WARNING]  
2026-06-10 07:52:41 - 11018 - [ERROR] Out of memory 
2026-06-10 07:52:41 - 22624 - [INFO]  
2026-06-10 07:52:41 - 830 - [DEBUG]  
2026-06-10 07:52:41 - 28573 - [WARNING]  
2026-06-10 07:52:41 - 6342 - [ERROR] Out of memory 
2026-06-10 07:52:41 - 6797 - [WARNING]  
2026-06-10 07:52:41 - 23542 - [CRITICAL]  
2026-06-10 07:52:41 - 5688 - [ERROR] Invalid input 
2026-06-10 07:52:41 - 30332 - [INFO]  
2026-06-10 07:52:41 - 12261 - [CRITICAL]  
2026-06-10 07:52:41 - 2553 - [INFO]  
2026-06-10 07:52:41 - 29650 - [DEBUG]  
2026-06-10 07:52:41 - 29210 - [WARNING]  
2026-06-10 07:52:41 - 2298 - [INFO]  
2026-06-10 07:52:41 - 30534 - [ERROR] Out of memory 
2026-06-10 07:52:41 - 24840 - [WARNING]  
2026-06-10 07:52:41 - 27583 - [WARNING]  
2026-06-10 07:52:41 - 4282 - [DEBUG]  
2026-06-10 07:52:41 - 29694 - [DEBUG]  
2026-06-10 07:52:41 - 17085 - [ERROR] Failed to connect 
2026-06-10 07:52:41 - 20483 - [INFO]  
2026-06-10 07:52:41 - 21984 - [WARNING]  
2026-06-10 07:52:41 - 31101 - [WARNING]  
2026-06-10 07:52:41 - 29167 - [DEBUG]  
2026-06-10 07:52:41 - 880 - [INFO]  
2026-06-10 07:52:41 - 26058 - [CRITICAL]  
2026-06-10 07:52:41 - 11776 - [INFO]  
2026-06-10 07:52:41 - 24608 - [INFO]  
2026-06-10 07:52:41 - 28002 - [DEBUG]  
2026-06-10 07:52:41 - 14713 - [INFO]  
2026-06-10 07:52:41 - 23128 - [DEBUG]  
2026-06-10 07:52:41 - 18119 - [WARNING]  
2026-06-10 07:52:41 - 13841 - [INFO]  
2026-06-10 07:52:41 - 3227 - [DEBUG]  
2026-06-10 07:52:41 - 3422 - [WARNING]  
2026-06-10 07:52:41 - 1958 - [DEBUG]  
2026-06-10 07:52:41 - 4742 - [INFO]  
2026-06-10 07:52:41 - 30010 - [CRITICAL]  
2026-06-10 07:52:41 - 19758 - [CRITICAL]  
2026-06-10 07:52:41 - 26953 - [INFO]  
2026-06-10 07:52:41 - 24726 - [CRITICAL]  
2026-06-10 07:52:41 - 19915 - [CRITICAL]  
2026-06-10 07:52:41 - 14453 - [ERROR] Segmentation fault 
2026-06-10 07:52:41 - 2687 - [WARNING]  
2026-06-10 07:52:41 - 8661 - [CRITICAL]  
2026-06-10 07:52:41 - 19635 - [WARNING]  
2026-06-10 07:52:41 - 960 - [ERROR] Out of memory 
2026-06-10 07:52:41 - 28460 - [CRITICAL]  
2026-06-10 07:52:41 - 7471 - [WARNING]  
2026-06-10 07:52:41 - 23940 - [CRITICAL]  
2026-06-10 07:52:41 - 13898 - [DEBUG]  
2026-06-10 07:52:41 - 2060 - [ERROR] Invalid input 
2026-06-10 07:52:41 - 13581 - [WARNING]  
2026-06-10 07:52:41 - 16227 - [WARNING]  
2026-06-10 07:52:41 - 21074 - [INFO]  
2026-06-10 07:52:41 - 5908 - [INFO]  
2026-06-10 07:52:41 - 7919 - [ERROR] Failed to connect 
2026-06-10 07:52:41 - 13791 - [INFO]  
2026-06-10 07:52:41 - 17837 - [CRITICAL]  
2026-06-10 07:52:41 - 30861 - [ERROR] Disk full 
2026-06-10 07:52:41 - 25069 - [ERROR] Segmentation fault 
2026-06-10 07:52:41 - 9541 - [CRITICAL]  
2026-06-10 07:52:41 - 24446 - [CRITICAL]  
2026-06-10 07:52:41 - 6994 - [ERROR] Disk full 
2026-06-10 07:52:41 - 30325 - [INFO]  
2026-06-10 07:52:41 - 27508 - [ERROR] Out of memory 
2026-06-10 07:52:41 - 25635 - [ERROR] Failed to connect 
2026-06-10 07:52:41 - 12561 - [WARNING]  
2026-06-10 07:52:41 - 15922 - [WARNING]  
2026-06-10 07:52:41 - 14885 - [ERROR] Out of memory 
2026-06-10 07:52:41 - 30437 - [WARNING]  
2026-06-10 07:52:41 - 7498 - [WARNING]  
2026-06-10 07:52:41 - 25000 - [WARNING]  
2026-06-10 07:52:41 - 1931 - [ERROR] Failed to connect 
2026-06-10 07:52:41 - 17907 - [WARNING]  
2026-06-10 07:52:41 - 17918 - [DEBUG]  
2026-06-10 07:52:41 - 13462 - [INFO]  
2026-06-10 07:52:41 - 25216 - [DEBUG]  
2026-06-10 07:52:41 - 18130 - [CRITICAL]  
2026-06-10 07:52:41 - 21849 - [INFO]  
2026-06-10 07:52:41 - 9951 - [CRITICAL]  
2026-06-10 07:52:41 - 26893 - [ERROR] Invalid input 
2026-06-10 07:52:41 - 22749 - [DEBUG]  
2026-06-10 07:52:41 - 11077 - [INFO]  
2026-06-10 07:52:41 - 7305 - [DEBUG]  
2026-06-10 07:52:41 - 14769 - [DEBUG]  
2026-06-10 07:52:41 - 7189 - [ERROR] Segmentation fault 
2026-06-10 07:52:41 - 25489 - [CRITICAL]  
2026-06-10 07:52:41 - 15693 - [INFO]  
2026-06-10 07:52:41 - 26176 - [INFO]  
