2026-06-10 08:59:33 - 24745 - [DEBUG]  
2026-06-10 08:59:33 - 17965 - [CRITICAL]  
2026-06-10 08:59:33 - 9910 - [ERROR] Failed to connect 
2026-06-10 08:59:33 - 25514 - [ERROR] Disk full 
2026-06-10 08:59:33 - 14140 - [ERROR] Failed to connect 
2026-06-10 08:59:33 - 462 - [CRITICAL]  
2026-06-10 08:59:33 - 27182 - [WARNING]  
2026-06-10 08:59:33 - 18151 - [WARNING]  
2026-06-10 08:59:33 - 8010 - [DEBUG]  
2026-06-10 08:59:33 - 11828 - [INFO]  
2026-06-10 08:59:33 - 22348 - [INFO]  
2026-06-10 08:59:33 - 5700 - [INFO]  
2026-06-10 08:59:33 - 20764 - [INFO]  
2026-06-10 08:59:33 - 290 - [INFO]  
2026-06-10 08:59:33 - 11941 - [INFO]  
2026-06-10 08:59:33 - 7379 - [INFO]  
2026-06-10 08:59:33 - 18625 - [DEBUG]  
2026-06-10 08:59:33 - 21987 - [ERROR] Out of memory 
2026-06-10 08:59:33 - 6690 - [ERROR] Invalid input 
2026-06-10 08:59:33 - 20866 - [CRITICAL]  
2026-06-10 08:59:33 - 19571 - [DEBUG]  
2026-06-10 08:59:33 - 2255 - [WARNING]  
2026-06-10 08:59:33 - 6357 - [WARNING]  
2026-06-10 08:59:33 - 12367 - [INFO]  
2026-06-10 08:59:33 - 26184 - [DEBUG]  
2026-06-10 08:59:33 - 23448 - [ERROR] Failed to connect 
2026-06-10 08:59:33 - 15885 - [ERROR] Failed to connect 
2026-06-10 08:59:33 - 17905 - [INFO]  
2026-06-10 08:59:33 - 12074 - [WARNING]  
2026-06-10 08:59:33 - 2143 - [DEBUG]  
2026-06-10 08:59:33 - 8992 - [WARNING]  
2026-06-10 08:59:33 - 541 - [CRITICAL]  
2026-06-10 08:59:33 - 25768 - [DEBUG]  
2026-06-10 08:59:33 - 2208 - [CRITICAL]  
2026-06-10 08:59:33 - 6050 - [DEBUG]  
2026-06-10 08:59:33 - 5014 - [INFO]  
2026-06-10 08:59:33 - 8745 - [WARNING]  
2026-06-10 08:59:33 - 23486 - [DEBUG]  
2026-06-10 08:59:33 - 12264 - [CRITICAL]  
2026-06-10 08:59:33 - 27998 - [ERROR] Failed to connect 
2026-06-10 08:59:33 - 16571 - [DEBUG]  
2026-06-10 08:59:33 - 4614 - [DEBUG]  
2026-06-10 08:59:33 - 9288 - [ERROR] Out of memory 
2026-06-10 08:59:33 - 27179 - [CRITICAL]  
2026-06-10 08:59:33 - 24220 - [DEBUG]  
2026-06-10 08:59:33 - 32407 - [CRITICAL]  
2026-06-10 08:59:33 - 27239 - [INFO]  
2026-06-10 08:59:33 - 18577 - [DEBUG]  
2026-06-10 08:59:33 - 31231 - [WARNING]  
2026-06-10 08:59:33 - 7517 - [WARNING]  
2026-06-10 08:59:33 - 31341 - [DEBUG]  
2026-06-10 08:59:33 - 9622 - [WARNING]  
2026-06-10 08:59:33 - 150 - [CRITICAL]  
2026-06-10 08:59:33 - 27039 - [CRITICAL]  
2026-06-10 08:59:33 - 17316 - [INFO]  
2026-06-10 08:59:33 - 27194 - [ERROR] Invalid input 
2026-06-10 08:59:33 - 12807 - [CRITICAL]  
2026-06-10 08:59:33 - 23653 - [ERROR] Disk full 
2026-06-10 08:59:33 - 17417 - [CRITICAL]  
2026-06-10 08:59:33 - 11468 - [ERROR] Segmentation fault 
2026-06-10 08:59:33 - 15883 - [DEBUG]  
2026-06-10 08:59:33 - 8239 - [INFO]  
2026-06-10 08:59:33 - 4625 - [INFO]  
2026-06-10 08:59:33 - 32169 - [ERROR] Disk full 
2026-06-10 08:59:33 - 785 - [WARNING]  
2026-06-10 08:59:33 - 6763 - [DEBUG]  
2026-06-10 08:59:33 - 14696 - [CRITICAL]  
2026-06-10 08:59:33 - 30286 - [INFO]  
2026-06-10 08:59:33 - 17814 - [CRITICAL]  
2026-06-10 08:59:33 - 26344 - [WARNING]  
2026-06-10 08:59:33 - 15827 - [ERROR] Disk full 
2026-06-10 08:59:33 - 25834 - [INFO]  
2026-06-10 08:59:33 - 24386 - [INFO]  
2026-06-10 08:59:33 - 19167 - [WARNING]  
2026-06-10 08:59:33 - 4231 - [CRITICAL]  
2026-06-10 08:59:33 - 19954 - [DEBUG]  
2026-06-10 08:59:33 - 6476 - [ERROR] Disk full 
2026-06-10 08:59:33 - 14533 - [CRITICAL]  
2026-06-10 08:59:33 - 30445 - [ERROR] Invalid input 
2026-06-10 08:59:33 - 20238 - [INFO]  
2026-06-10 08:59:33 - 32628 - [WARNING]  
2026-06-10 08:59:33 - 32084 - [INFO]  
2026-06-10 08:59:33 - 13410 - [DEBUG]  
2026-06-10 08:59:33 - 8366 - [CRITICAL]  
2026-06-10 08:59:33 - 2226 - [WARNING]  
2026-06-10 08:59:33 - 16442 - [ERROR] Segmentation fault 
2026-06-10 08:59:33 - 21074 - [DEBUG]  
2026-06-10 08:59:33 - 4657 - [INFO]  
2026-06-10 08:59:33 - 32545 - [WARNING]  
2026-06-10 08:59:33 - 29152 - [INFO]  
2026-06-10 08:59:33 - 15222 - [DEBUG]  
2026-06-10 08:59:33 - 29710 - [WARNING]  
2026-06-10 08:59:33 - 24190 - [CRITICAL]  
2026-06-10 08:59:33 - 19971 - [ERROR] Failed to connect 
2026-06-10 08:59:34 - 8201 - [WARNING]  
2026-06-10 08:59:34 - 32191 - [DEBUG]  
2026-06-10 08:59:34 - 8982 - [DEBUG]  
2026-06-10 08:59:34 - 2229 - [CRITICAL]  
2026-06-10 08:59:34 - 16767 - [WARNING]  
2026-06-10 08:59:34 - 23585 - [CRITICAL]  
2026-06-10 08:59:34 - 3221 - [CRITICAL]  
2026-06-10 08:59:34 - 22914 - [WARNING]  
2026-06-10 08:59:34 - 19677 - [ERROR] Segmentation fault 
2026-06-10 08:59:34 - 19196 - [CRITICAL]  
2026-06-10 08:59:34 - 27512 - [CRITICAL]  
2026-06-10 08:59:34 - 4709 - [WARNING]  
2026-06-10 08:59:34 - 11797 - [CRITICAL]  
2026-06-10 08:59:34 - 16869 - [CRITICAL]  
2026-06-10 08:59:34 - 633 - [CRITICAL]  
2026-06-10 08:59:34 - 29604 - [CRITICAL]  
2026-06-10 08:59:34 - 9852 - [ERROR] Disk full 
2026-06-10 08:59:34 - 26775 - [DEBUG]  
2026-06-10 08:59:34 - 18728 - [CRITICAL]  
2026-06-10 08:59:34 - 20561 - [CRITICAL]  
2026-06-10 08:59:34 - 21807 - [WARNING]  
2026-06-10 08:59:34 - 9148 - [WARNING]  
2026-06-10 08:59:34 - 23848 - [CRITICAL]  
2026-06-10 08:59:34 - 9076 - [WARNING]  
2026-06-10 08:59:34 - 15569 - [WARNING]  
2026-06-10 08:59:34 - 23972 - [INFO]  
2026-06-10 08:59:34 - 23201 - [ERROR] Segmentation fault 
2026-06-10 08:59:34 - 15010 - [INFO]  
2026-06-10 08:59:34 - 368 - [INFO]  
2026-06-10 08:59:34 - 6400 - [ERROR] Invalid input 
2026-06-10 08:59:34 - 27855 - [DEBUG]  
2026-06-10 08:59:34 - 5741 - [CRITICAL]  
2026-06-10 08:59:34 - 13793 - [INFO]  
2026-06-10 08:59:34 - 15440 - [CRITICAL]  
2026-06-10 08:59:34 - 32175 - [INFO]  
2026-06-10 08:59:34 - 6686 - [INFO]  
2026-06-10 08:59:34 - 20358 - [CRITICAL]  
2026-06-10 08:59:34 - 26034 - [CRITICAL]  
2026-06-10 08:59:34 - 9086 - [CRITICAL]  
2026-06-10 08:59:34 - 25664 - [WARNING]  
2026-06-10 08:59:34 - 10073 - [DEBUG]  
2026-06-10 08:59:34 - 16107 - [WARNING]  
2026-06-10 08:59:34 - 16303 - [WARNING]  
2026-06-10 08:59:34 - 8646 - [CRITICAL]  
2026-06-10 08:59:34 - 11492 - [INFO]  
2026-06-10 08:59:34 - 7701 - [ERROR] Invalid input 
2026-06-10 08:59:34 - 26809 - [WARNING]  
2026-06-10 08:59:34 - 26437 - [DEBUG]  
2026-06-10 08:59:34 - 13378 - [INFO]  
2026-06-10 08:59:34 - 19384 - [WARNING]  
2026-06-10 08:59:34 - 3984 - [INFO]  
2026-06-10 08:59:34 - 32145 - [WARNING]  
2026-06-10 08:59:34 - 17414 - [ERROR] Segmentation fault 
2026-06-10 08:59:34 - 5587 - [DEBUG]  
2026-06-10 08:59:34 - 19972 - [INFO]  
2026-06-10 08:59:34 - 27370 - [DEBUG]  
2026-06-10 08:59:34 - 17814 - [DEBUG]  
2026-06-10 08:59:34 - 3005 - [CRITICAL]  
2026-06-10 08:59:34 - 15756 - [DEBUG]  
2026-06-10 08:59:34 - 20515 - [ERROR] Invalid input 
2026-06-10 08:59:34 - 4568 - [INFO]  
2026-06-10 08:59:34 - 21945 - [ERROR] Segmentation fault 
2026-06-10 08:59:34 - 7323 - [INFO]  
2026-06-10 08:59:34 - 20479 - [ERROR] Invalid input 
2026-06-10 08:59:34 - 10275 - [CRITICAL]  
2026-06-10 08:59:34 - 11509 - [WARNING]  
2026-06-10 08:59:34 - 3935 - [CRITICAL]  
2026-06-10 08:59:34 - 31471 - [WARNING]  
2026-06-10 08:59:34 - 8952 - [WARNING]  
2026-06-10 08:59:34 - 319 - [CRITICAL]  
2026-06-10 08:59:34 - 5152 - [DEBUG]  
2026-06-10 08:59:34 - 14163 - [DEBUG]  
2026-06-10 08:59:34 - 23939 - [DEBUG]  
2026-06-10 08:59:34 - 28839 - [WARNING]  
2026-06-10 08:59:34 - 32105 - [DEBUG]  
2026-06-10 08:59:34 - 16948 - [ERROR] Failed to connect 
2026-06-10 08:59:34 - 18891 - [INFO]  
2026-06-10 08:59:34 - 7978 - [DEBUG]  
2026-06-10 08:59:34 - 26689 - [CRITICAL]  
2026-06-10 08:59:34 - 32339 - [INFO]  
2026-06-10 08:59:34 - 12176 - [DEBUG]  
2026-06-10 08:59:34 - 4128 - [DEBUG]  
2026-06-10 08:59:34 - 7504 - [INFO]  
2026-06-10 08:59:34 - 32129 - [CRITICAL]  
2026-06-10 08:59:34 - 22609 - [INFO]  
2026-06-10 08:59:34 - 28991 - [ERROR] Invalid input 
2026-06-10 08:59:34 - 12872 - [ERROR] Out of memory 
2026-06-10 08:59:34 - 16947 - [DEBUG]  
2026-06-10 08:59:34 - 18145 - [ERROR] Disk full 
2026-06-10 08:59:34 - 5814 - [DEBUG]  
2026-06-10 08:59:34 - 3615 - [WARNING]  
2026-06-10 08:59:34 - 14054 - [DEBUG]  
2026-06-10 08:59:34 - 27802 - [INFO]  
2026-06-10 08:59:34 - 16689 - [WARNING]  
2026-06-10 08:59:34 - 21861 - [CRITICAL]  
2026-06-10 08:59:34 - 29083 - [WARNING]  
2026-06-10 08:59:34 - 29153 - [WARNING]  
2026-06-10 08:59:34 - 28743 - [DEBUG]  
2026-06-10 08:59:34 - 32569 - [DEBUG]  
2026-06-10 08:59:34 - 4158 - [INFO]  
2026-06-10 08:59:34 - 11040 - [WARNING]  
2026-06-10 08:59:34 - 23763 - [WARNING]  
2026-06-10 08:59:34 - 7037 - [DEBUG]  
2026-06-10 08:59:34 - 29176 - [DEBUG]  
2026-06-10 08:59:34 - 12231 - [DEBUG]  
2026-06-10 08:59:34 - 13365 - [WARNING]  
2026-06-10 08:59:34 - 15218 - [ERROR] Disk full 
2026-06-10 08:59:34 - 32729 - [DEBUG]  
2026-06-10 08:59:34 - 7196 - [CRITICAL]  
2026-06-10 08:59:34 - 7122 - [CRITICAL]  
2026-06-10 08:59:34 - 13754 - [INFO]  
2026-06-10 08:59:34 - 18908 - [ERROR] Segmentation fault 
2026-06-10 08:59:34 - 30165 - [CRITICAL]  
2026-06-10 08:59:34 - 3252 - [WARNING]  
2026-06-10 08:59:34 - 15827 - [CRITICAL]  
2026-06-10 08:59:34 - 2549 - [DEBUG]  
2026-06-10 08:59:34 - 29533 - [ERROR] Disk full 
2026-06-10 08:59:34 - 391 - [WARNING]  
2026-06-10 08:59:34 - 26658 - [INFO]  
2026-06-10 08:59:34 - 21312 - [WARNING]  
2026-06-10 08:59:34 - 22873 - [ERROR] Segmentation fault 
2026-06-10 08:59:34 - 22445 - [ERROR] Disk full 
2026-06-10 08:59:34 - 10938 - [DEBUG]  
2026-06-10 08:59:34 - 18714 - [DEBUG]  
2026-06-10 08:59:34 - 6475 - [WARNING]  
2026-06-10 08:59:34 - 25647 - [ERROR] Segmentation fault 
2026-06-10 08:59:34 - 28319 - [INFO]  
2026-06-10 08:59:34 - 26124 - [WARNING]  
2026-06-10 08:59:34 - 2295 - [INFO]  
2026-06-10 08:59:34 - 13380 - [DEBUG]  
2026-06-10 08:59:34 - 12254 - [INFO]  
2026-06-10 08:59:34 - 12535 - [DEBUG]  
2026-06-10 08:59:34 - 31410 - [WARNING]  
2026-06-10 08:59:34 - 25904 - [INFO]  
2026-06-10 08:59:34 - 20586 - [DEBUG]  
2026-06-10 08:59:34 - 8330 - [DEBUG]  
2026-06-10 08:59:34 - 10573 - [ERROR] Disk full 
2026-06-10 08:59:34 - 12516 - [INFO]  
2026-06-10 08:59:34 - 18896 - [ERROR] Segmentation fault 
2026-06-10 08:59:34 - 10749 - [WARNING]  
2026-06-10 08:59:34 - 11695 - [ERROR] Segmentation fault 
2026-06-10 08:59:34 - 10808 - [ERROR] Disk full 
2026-06-10 08:59:34 - 10945 - [CRITICAL]  
2026-06-10 08:59:34 - 23884 - [CRITICAL]  
2026-06-10 08:59:34 - 14337 - [DEBUG]  
2026-06-10 08:59:34 - 17094 - [INFO]  
2026-06-10 08:59:34 - 22753 - [ERROR] Segmentation fault 
2026-06-10 08:59:34 - 3407 - [DEBUG]  
2026-06-10 08:59:34 - 27089 - [DEBUG]  
2026-06-10 08:59:34 - 20959 - [ERROR] Failed to connect 
2026-06-10 08:59:34 - 9517 - [INFO]  
2026-06-10 08:59:34 - 6384 - [DEBUG]  
2026-06-10 08:59:34 - 25405 - [CRITICAL]  
2026-06-10 08:59:34 - 13648 - [DEBUG]  
2026-06-10 08:59:34 - 23494 - [CRITICAL]  
2026-06-10 08:59:34 - 6815 - [ERROR] Disk full 
2026-06-10 08:59:34 - 22103 - [ERROR] Disk full 
2026-06-10 08:59:34 - 1577 - [INFO]  
2026-06-10 08:59:34 - 30250 - [WARNING]  
2026-06-10 08:59:34 - 4461 - [WARNING]  
2026-06-10 08:59:34 - 22173 - [INFO]  
2026-06-10 08:59:34 - 4906 - [INFO]  
2026-06-10 08:59:34 - 24074 - [CRITICAL]  
2026-06-10 08:59:34 - 31595 - [CRITICAL]  
2026-06-10 08:59:34 - 29332 - [INFO]  
2026-06-10 08:59:34 - 2337 - [ERROR] Disk full 
2026-06-10 08:59:34 - 25715 - [INFO]  
2026-06-10 08:59:34 - 4622 - [INFO]  
2026-06-10 08:59:34 - 19245 - [DEBUG]  
2026-06-10 08:59:34 - 10890 - [CRITICAL]  
2026-06-10 08:59:34 - 21804 - [DEBUG]  
2026-06-10 08:59:34 - 13340 - [WARNING]  
2026-06-10 08:59:34 - 9242 - [CRITICAL]  
2026-06-10 08:59:34 - 19811 - [ERROR] Out of memory 
2026-06-10 08:59:34 - 23225 - [ERROR] Invalid input 
2026-06-10 08:59:34 - 11993 - [INFO]  
2026-06-10 08:59:34 - 4721 - [WARNING]  
2026-06-10 08:59:34 - 25733 - [INFO]  
2026-06-10 08:59:34 - 25511 - [CRITICAL]  
2026-06-10 08:59:34 - 17573 - [INFO]  
2026-06-10 08:59:34 - 30894 - [INFO]  
2026-06-10 08:59:34 - 20938 - [WARNING]  
2026-06-10 08:59:34 - 7321 - [DEBUG]  
2026-06-10 08:59:34 - 21714 - [ERROR] Segmentation fault 
2026-06-10 08:59:34 - 26640 - [INFO]  
2026-06-10 08:59:34 - 465 - [WARNING]  
2026-06-10 08:59:34 - 11559 - [ERROR] Invalid input 
2026-06-10 08:59:34 - 27980 - [ERROR] Disk full 
2026-06-10 08:59:34 - 10428 - [CRITICAL]  
2026-06-10 08:59:34 - 10481 - [INFO]  
2026-06-10 08:59:34 - 6082 - [WARNING]  
2026-06-10 08:59:34 - 31065 - [CRITICAL]  
2026-06-10 08:59:34 - 5680 - [ERROR] Segmentation fault 
2026-06-10 08:59:34 - 3524 - [DEBUG]  
2026-06-10 08:59:34 - 17623 - [WARNING]  
2026-06-10 08:59:34 - 23627 - [CRITICAL]  
2026-06-10 08:59:34 - 27908 - [WARNING]  
2026-06-10 08:59:34 - 7343 - [ERROR] Out of memory 
2026-06-10 08:59:34 - 23248 - [CRITICAL]  
2026-06-10 08:59:34 - 14795 - [CRITICAL]  
2026-06-10 08:59:34 - 17980 - [ERROR] Invalid input 
2026-06-10 08:59:35 - 25516 - [WARNING]  
2026-06-10 08:59:35 - 25654 - [INFO]  
2026-06-10 08:59:35 - 14559 - [DEBUG]  
2026-06-10 08:59:35 - 17877 - [DEBUG]  
2026-06-10 08:59:35 - 2970 - [CRITICAL]  
2026-06-10 08:59:35 - 16348 - [CRITICAL]  
2026-06-10 08:59:35 - 3349 - [DEBUG]  
2026-06-10 08:59:35 - 8513 - [DEBUG]  
2026-06-10 08:59:35 - 10009 - [INFO]  
2026-06-10 08:59:35 - 31678 - [INFO]  
2026-06-10 08:59:35 - 13325 - [ERROR] Segmentation fault 
2026-06-10 08:59:35 - 30843 - [CRITICAL]  
2026-06-10 08:59:35 - 26717 - [INFO]  
2026-06-10 08:59:35 - 13290 - [CRITICAL]  
2026-06-10 08:59:35 - 10147 - [DEBUG]  
2026-06-10 08:59:35 - 6562 - [CRITICAL]  
2026-06-10 08:59:35 - 28384 - [ERROR] Failed to connect 
2026-06-10 08:59:35 - 23192 - [CRITICAL]  
2026-06-10 08:59:35 - 17124 - [DEBUG]  
2026-06-10 08:59:35 - 10134 - [ERROR] Invalid input 
2026-06-10 08:59:35 - 26593 - [INFO]  
2026-06-10 08:59:35 - 25325 - [ERROR] Failed to connect 
2026-06-10 08:59:35 - 29017 - [ERROR] Out of memory 
2026-06-10 08:59:35 - 7651 - [INFO]  
2026-06-10 08:59:35 - 22549 - [DEBUG]  
2026-06-10 08:59:35 - 24239 - [CRITICAL]  
2026-06-10 08:59:35 - 28762 - [ERROR] Disk full 
2026-06-10 08:59:35 - 10617 - [ERROR] Disk full 
2026-06-10 08:59:35 - 17568 - [DEBUG]  
2026-06-10 08:59:35 - 11361 - [INFO]  
2026-06-10 08:59:35 - 15629 - [CRITICAL]  
2026-06-10 08:59:35 - 25099 - [ERROR] Failed to connect 
2026-06-10 08:59:35 - 8631 - [CRITICAL]  
2026-06-10 08:59:35 - 677 - [ERROR] Invalid input 
2026-06-10 08:59:35 - 1153 - [ERROR] Segmentation fault 
2026-06-10 08:59:35 - 16525 - [DEBUG]  
2026-06-10 08:59:35 - 4002 - [WARNING]  
2026-06-10 08:59:35 - 26753 - [INFO]  
2026-06-10 08:59:35 - 29607 - [CRITICAL]  
2026-06-10 08:59:35 - 16747 - [INFO]  
2026-06-10 08:59:35 - 27054 - [INFO]  
2026-06-10 08:59:35 - 1141 - [CRITICAL]  
2026-06-10 08:59:35 - 2083 - [INFO]  
2026-06-10 08:59:35 - 14764 - [ERROR] Segmentation fault 
2026-06-10 08:59:35 - 1380 - [INFO]  
2026-06-10 08:59:35 - 3613 - [DEBUG]  
2026-06-10 08:59:35 - 25656 - [DEBUG]  
2026-06-10 08:59:35 - 6347 - [ERROR] Out of memory 
2026-06-10 08:59:35 - 26174 - [DEBUG]  
2026-06-10 08:59:35 - 18662 - [INFO]  
2026-06-10 08:59:35 - 4312 - [DEBUG]  
2026-06-10 08:59:35 - 21947 - [WARNING]  
2026-06-10 08:59:35 - 28086 - [DEBUG]  
2026-06-10 08:59:35 - 11138 - [WARNING]  
2026-06-10 08:59:35 - 18898 - [CRITICAL]  
2026-06-10 08:59:35 - 10603 - [CRITICAL]  
2026-06-10 08:59:35 - 26126 - [DEBUG]  
2026-06-10 08:59:35 - 2232 - [ERROR] Out of memory 
2026-06-10 08:59:35 - 29501 - [ERROR] Invalid input 
2026-06-10 08:59:35 - 9539 - [DEBUG]  
2026-06-10 08:59:35 - 6878 - [CRITICAL]  
2026-06-10 08:59:35 - 8313 - [WARNING]  
2026-06-10 08:59:35 - 25915 - [CRITICAL]  
2026-06-10 08:59:35 - 11535 - [DEBUG]  
2026-06-10 08:59:35 - 21760 - [INFO]  
2026-06-10 08:59:35 - 6173 - [INFO]  
2026-06-10 08:59:35 - 29883 - [DEBUG]  
2026-06-10 08:59:35 - 6669 - [INFO]  
2026-06-10 08:59:35 - 25655 - [ERROR] Out of memory 
2026-06-10 08:59:35 - 14202 - [CRITICAL]  
2026-06-10 08:59:35 - 29920 - [CRITICAL]  
2026-06-10 08:59:35 - 1389 - [ERROR] Failed to connect 
2026-06-10 08:59:35 - 29508 - [ERROR] Out of memory 
2026-06-10 08:59:35 - 17062 - [ERROR] Out of memory 
2026-06-10 08:59:35 - 8294 - [INFO]  
2026-06-10 08:59:35 - 10163 - [ERROR] Failed to connect 
2026-06-10 08:59:35 - 26120 - [INFO]  
2026-06-10 08:59:35 - 23711 - [DEBUG]  
2026-06-10 08:59:35 - 18168 - [CRITICAL]  
2026-06-10 08:59:35 - 4869 - [CRITICAL]  
2026-06-10 08:59:35 - 20336 - [DEBUG]  
2026-06-10 08:59:35 - 16397 - [WARNING]  
2026-06-10 08:59:35 - 15959 - [CRITICAL]  
2026-06-10 08:59:35 - 21394 - [INFO]  
2026-06-10 08:59:35 - 21941 - [INFO]  
2026-06-10 08:59:35 - 17272 - [WARNING]  
2026-06-10 08:59:35 - 2492 - [ERROR] Out of memory 
2026-06-10 08:59:35 - 273 - [WARNING]  
2026-06-10 08:59:35 - 24020 - [WARNING]  
2026-06-10 08:59:35 - 20960 - [WARNING]  
2026-06-10 08:59:35 - 7558 - [CRITICAL]  
2026-06-10 08:59:35 - 11588 - [ERROR] Out of memory 
2026-06-10 08:59:35 - 16246 - [ERROR] Segmentation fault 
2026-06-10 08:59:35 - 23085 - [CRITICAL]  
2026-06-10 08:59:35 - 14610 - [INFO]  
2026-06-10 08:59:35 - 15033 - [INFO]  
2026-06-10 08:59:35 - 25932 - [WARNING]  
2026-06-10 08:59:35 - 20654 - [CRITICAL]  
2026-06-10 08:59:35 - 26654 - [DEBUG]  
2026-06-10 08:59:35 - 6537 - [DEBUG]  
2026-06-10 08:59:35 - 12139 - [WARNING]  
2026-06-10 08:59:35 - 6924 - [INFO]  
2026-06-10 08:59:35 - 19644 - [CRITICAL]  
2026-06-10 08:59:35 - 2429 - [ERROR] Disk full 
2026-06-10 08:59:35 - 6857 - [WARNING]  
